[33mNextflow 24.04.2 is available - Please consider updating your version to it(B[m
N E X T F L O W  ~  version 23.10.1
Launching `/ihome/crc/install/genomics_nextflow/nf-core-rnavar-1.0.0/workflow/main.nf` [EAK_Sscr_RNAvar_attempt16] DSL2 - revision: e58604470a
WARN: Access to undefined parameter `genome` -- Initialise it to a default value eg. `params.genome = some_value`
WARN: Access to undefined parameter `vep_genome` -- Initialise it to a default value eg. `params.vep_genome = some_value`
WARN: Access to undefined parameter `snpeff_db` -- Initialise it to a default value eg. `params.snpeff_db = some_value`


------------------------------------------------------
                                        ,--./,-.
        ___     __   __   __   ___     /,-._.--~'
  |\ | |__  __ /  ` /  \ |__) |__         }  {
  | \| |       \__, \__/ |  \ |___     \`-._,-`-,
                                        `._,._,'
  nf-core/rnavar v1.0.0
------------------------------------------------------
Core Nextflow options
  runName                   : EAK_Sscr_RNAvar_attempt16
  containerEngine           : singularity
  container                 : [ENSEMBLVEP:nfcore/vep:104.3.null, SNPEFF:(dynamic resolved)]
  launchDir                 : /bgfs/rnicholls/PWS_Sus_2017/RNAvar-nfcore
  workDir                   : /bgfs/rnicholls/PWS_Sus_2017/RNAvar-nfcore/work
  projectDir                : /ihome/crc/install/genomics_nextflow/nf-core-rnavar-1.0.0/workflow
  userName                  : eak37
  profile                   : htc
  configFiles               : /ihome/crc/install/genomics_nextflow/nf-core-rnavar-1.0.0/workflow/nextflow.config

Input/output options
  input                     : /bgfs/rnicholls/PWS_Sus_2017/RNAvar-nfcore/samplesheet.csv
  outdir                    : /bgfs/rnicholls/PWS_Sus_2017/RNAvar-nfcore/
  email                     : eak37@pitt.edu
  multiqc_title             : EAK_Sscr_RNAvar_multiQC

Reference genome options
  genome                    : GRCh38
  fasta                     : /bgfs/rnicholls/REFGenomes/Sscrofa_v11.1_v104/Sus_scrofa.Sscrofa11.1.dna.toplevel.fa.gz
  igenomes_base             : /bgfs/genomics/refs/igenomes/
  gtf                       : /bgfs/rnicholls/REFGenomes/Sscrofa_v11.1_v104/Sus_scrofa.Sscrofa11.1.104.gtf.gz
  gff                       : /bgfs/rnicholls/REFGenomes/Sscrofa_v11.1_v104/Sus_scrofa.Sscrofa11.1.104.gff3.gz
  read_length               : 75
  known_indels              : /bgfs/rnicholls/REFGenomes/Sscrofa_v11.1_v104/sus_scrofa_forGATK.vcf.gz
  known_indels_tbi          : /bgfs/rnicholls/REFGenomes/Sscrofa_v11.1_v104/sus_scrofa_forGATK.vcf.gz.tbi

Alignment options
  star_index                : /bgfs/rnicholls/REFGenomes/Sscrofa_v11.1_v104/Sscr11.1v104_STAR
  star_twopass              : true

Variant Annotation
  annotate_tools            : vep

Institutional config options
  custom_config_base        : /ihome/crc/install/genomics_nextflow/nf-core-rnavar-1.0.0/workflow/../configs/
  config_profile_description: Pitt HTC cluster profile provided by nf-core/configs.
  config_profile_contact    : Fangping Mu
  config_profile_url        : https://crc.pitt.edu/

Max job request options
  max_memory                : 256 GB
  max_time                  : 6d

!! Only displaying parameters that differ from the pipeline defaults !!
------------------------------------------------------
If you use nf-core/rnavar for your analysis please cite:

* The nf-core framework
  https://doi.org/10.1038/s41587-020-0439-x

* Software dependencies
  https://github.com/nf-core/rnavar/blob/master/CITATIONS.md
------------------------------------------------------
ERROR ~ Species name (using --vep_species), genome assembly (either --genome or --vep_genome) and cache version (--vep_cache_version) are required to run VEP variant annotation.

 -- Check '.nextflow.log' file for details
